  [1m[36m (1.1ms)[0m  [1mCREATE TABLE "schema_migrations" ("version" varchar(255) NOT NULL) [0m
  [1m[35m (1.0ms)[0m  CREATE UNIQUE INDEX "unique_schema_migrations" ON "schema_migrations" ("version")
  [1m[36mActiveRecord::SchemaMigration Load (0.1ms)[0m  [1mSELECT "schema_migrations".* FROM "schema_migrations"[0m
Migrating to CreateUsers (20131020230126)
  [1m[35m (0.1ms)[0m  begin transaction
  [1m[36m (0.4ms)[0m  [1mCREATE TABLE "users" ("id" INTEGER PRIMARY KEY AUTOINCREMENT NOT NULL, "name" varchar(255), "email" varchar(255), "created_at" datetime, "updated_at" datetime) [0m
  [1m[35mSQL (0.2ms)[0m  INSERT INTO "schema_migrations" ("version") VALUES (?)  [["version", "20131020230126"]]
  [1m[36m (1.2ms)[0m  [1mcommit transaction[0m
  [1m[35mActiveRecord::SchemaMigration Load (0.1ms)[0m  SELECT "schema_migrations".* FROM "schema_migrations"


Started GET "/" for 127.0.0.1 at 2013-10-20 19:11:44 -0400
  [1m[36mActiveRecord::SchemaMigration Load (0.1ms)[0m  [1mSELECT "schema_migrations".* FROM "schema_migrations"[0m
Processing by Rails::WelcomeController#index as HTML
  Rendered /usr/local/rvm/gems/ruby-2.0.0-p247/gems/railties-4.0.0/lib/rails/templates/rails/welcome/index.html.erb (2.1ms)
Completed 200 OK in 11ms (Views: 9.8ms | ActiveRecord: 0.0ms)


Started GET "/rails/info/properties" for 127.0.0.1 at 2013-10-20 19:11:45 -0400
Processing by Rails::InfoController#properties as */*
  [1m[35mActiveRecord::SchemaMigration Load (0.1ms)[0m  SELECT "schema_migrations".* FROM "schema_migrations"
  Rendered /usr/local/rvm/gems/ruby-2.0.0-p247/gems/railties-4.0.0/lib/rails/templates/rails/info/properties.html.erb (0.4ms)
Completed 200 OK in 14ms (Views: 9.4ms | ActiveRecord: 0.3ms)


Started GET "/users" for 127.0.0.1 at 2013-10-20 19:11:50 -0400
Processing by UsersController#index as HTML
  [1m[36mUser Load (0.1ms)[0m  [1mSELECT "users".* FROM "users"[0m
  Rendered users/index.html.erb within layouts/application (2.8ms)
Completed 200 OK in 788ms (Views: 785.3ms | ActiveRecord: 0.5ms)


Started GET "/assets/jquery.js?body=1" for 127.0.0.1 at 2013-10-20 19:11:51 -0400


Started GET "/assets/application.css?body=1" for 127.0.0.1 at 2013-10-20 19:11:51 -0400


Started GET "/assets/users.css?body=1" for 127.0.0.1 at 2013-10-20 19:11:51 -0400


Started GET "/assets/turbolinks.js?body=1" for 127.0.0.1 at 2013-10-20 19:11:51 -0400


Started GET "/assets/jquery_ujs.js?body=1" for 127.0.0.1 at 2013-10-20 19:11:51 -0400


Started GET "/assets/scaffolds.css?body=1" for 127.0.0.1 at 2013-10-20 19:11:51 -0400


Started GET "/assets/users.js?body=1" for 127.0.0.1 at 2013-10-20 19:11:51 -0400


Started GET "/assets/application.js?body=1" for 127.0.0.1 at 2013-10-20 19:11:51 -0400


Started GET "/users/new" for 127.0.0.1 at 2013-10-20 19:12:37 -0400
Processing by UsersController#new as HTML
  Rendered users/_form.html.erb (56.4ms)
  Rendered users/new.html.erb within layouts/application (60.6ms)
Completed 200 OK in 68ms (Views: 66.1ms | ActiveRecord: 0.4ms)


Started POST "/users" for 127.0.0.1 at 2013-10-20 19:13:43 -0400
Processing by UsersController#create as HTML
  Parameters: {"utf8"=>"✓", "authenticity_token"=>"zcO1W1Dwgf5bChW+Vup6KXs3GtOz7VeX4bYPJydhhwM=", "user"=>{"name"=>"Sahan Pitigala", "email"=>"keeblersf@gmail.com"}, "commit"=>"Create User"}
  [1m[35m (0.2ms)[0m  begin transaction
  [1m[36mSQL (6.7ms)[0m  [1mINSERT INTO "users" ("created_at", "email", "name", "updated_at") VALUES (?, ?, ?, ?)[0m  [["created_at", Sun, 20 Oct 2013 23:13:43 UTC +00:00], ["email", "keeblersf@gmail.com"], ["name", "Sahan Pitigala"], ["updated_at", Sun, 20 Oct 2013 23:13:43 UTC +00:00]]
  [1m[35m (7.1ms)[0m  commit transaction
Redirected to http://localhost:3000/users/1
Completed 302 Found in 25ms (ActiveRecord: 14.0ms)


Started GET "/users/1" for 127.0.0.1 at 2013-10-20 19:13:43 -0400
Processing by UsersController#show as HTML
  Parameters: {"id"=>"1"}
  [1m[36mUser Load (0.3ms)[0m  [1mSELECT "users".* FROM "users" WHERE "users"."id" = ? LIMIT 1[0m  [["id", "1"]]
  Rendered users/show.html.erb within layouts/application (1.1ms)
Completed 200 OK in 9ms (Views: 5.7ms | ActiveRecord: 0.3ms)


Started GET "/assets/scaffolds.css?body=1" for 127.0.0.1 at 2013-10-20 19:13:43 -0400


Started GET "/assets/users.js?body=1" for 127.0.0.1 at 2013-10-20 19:13:43 -0400


Started GET "/assets/users.css?body=1" for 127.0.0.1 at 2013-10-20 19:13:43 -0400


Started GET "/users" for 127.0.0.1 at 2013-10-20 19:15:01 -0400
Processing by UsersController#index as HTML
  [1m[35mUser Load (0.3ms)[0m  SELECT "users".* FROM "users"
  Rendered users/index.html.erb within layouts/application (3.6ms)
Completed 200 OK in 12ms (Views: 10.5ms | ActiveRecord: 0.3ms)


Started GET "/users/new" for 127.0.0.1 at 2013-10-20 19:15:02 -0400
Processing by UsersController#new as HTML
  Rendered users/_form.html.erb (4.1ms)
  Rendered users/new.html.erb within layouts/application (5.8ms)
Completed 200 OK in 12ms (Views: 11.4ms | ActiveRecord: 0.0ms)


Started POST "/users" for 127.0.0.1 at 2013-10-20 19:15:16 -0400
Processing by UsersController#create as HTML
  Parameters: {"utf8"=>"✓", "authenticity_token"=>"zcO1W1Dwgf5bChW+Vup6KXs3GtOz7VeX4bYPJydhhwM=", "user"=>{"name"=>"John Doe", "email"=>"jdoe@doe.com"}, "commit"=>"Create User"}
  [1m[36m (0.1ms)[0m  [1mbegin transaction[0m
  [1m[35mSQL (0.5ms)[0m  INSERT INTO "users" ("created_at", "email", "name", "updated_at") VALUES (?, ?, ?, ?)  [["created_at", Sun, 20 Oct 2013 23:15:16 UTC +00:00], ["email", "jdoe@doe.com"], ["name", "John Doe"], ["updated_at", Sun, 20 Oct 2013 23:15:16 UTC +00:00]]
  [1m[36m (2.1ms)[0m  [1mcommit transaction[0m
Redirected to http://localhost:3000/users/2
Completed 302 Found in 6ms (ActiveRecord: 2.7ms)


Started GET "/users/2" for 127.0.0.1 at 2013-10-20 19:15:16 -0400
Processing by UsersController#show as HTML
  Parameters: {"id"=>"2"}
  [1m[35mUser Load (0.2ms)[0m  SELECT "users".* FROM "users" WHERE "users"."id" = ? LIMIT 1  [["id", "2"]]
  Rendered users/show.html.erb within layouts/application (0.7ms)
Completed 200 OK in 7ms (Views: 6.0ms | ActiveRecord: 0.2ms)


Started GET "/assets/scaffolds.css?body=1" for 127.0.0.1 at 2013-10-20 19:15:16 -0400


Started GET "/assets/users.css?body=1" for 127.0.0.1 at 2013-10-20 19:15:16 -0400


Started GET "/assets/users.js?body=1" for 127.0.0.1 at 2013-10-20 19:15:16 -0400


Started GET "/users" for 127.0.0.1 at 2013-10-20 19:15:18 -0400
Processing by UsersController#index as HTML
  [1m[36mUser Load (0.2ms)[0m  [1mSELECT "users".* FROM "users"[0m
  Rendered users/index.html.erb within layouts/application (1.8ms)
Completed 200 OK in 8ms (Views: 7.1ms | ActiveRecord: 0.2ms)


Started DELETE "/users/2" for 127.0.0.1 at 2013-10-20 19:16:41 -0400
Processing by UsersController#destroy as HTML
  Parameters: {"authenticity_token"=>"zcO1W1Dwgf5bChW+Vup6KXs3GtOz7VeX4bYPJydhhwM=", "id"=>"2"}
  [1m[35mUser Load (0.2ms)[0m  SELECT "users".* FROM "users" WHERE "users"."id" = ? LIMIT 1  [["id", "2"]]
  [1m[36m (0.1ms)[0m  [1mbegin transaction[0m
  [1m[35mSQL (0.5ms)[0m  DELETE FROM "users" WHERE "users"."id" = ?  [["id", 2]]
  [1m[36m (2.0ms)[0m  [1mcommit transaction[0m
Redirected to http://localhost:3000/users
Completed 302 Found in 8ms (ActiveRecord: 2.9ms)


Started GET "/users" for 127.0.0.1 at 2013-10-20 19:16:41 -0400
Processing by UsersController#index as HTML
  [1m[35mUser Load (0.2ms)[0m  SELECT "users".* FROM "users"
  Rendered users/index.html.erb within layouts/application (1.4ms)
Completed 200 OK in 6ms (Views: 5.5ms | ActiveRecord: 0.2ms)


Started GET "/assets/application.css?body=1" for 127.0.0.1 at 2013-10-20 19:16:41 -0400


Started GET "/assets/scaffolds.css?body=1" for 127.0.0.1 at 2013-10-20 19:16:41 -0400


Started GET "/assets/users.css?body=1" for 127.0.0.1 at 2013-10-20 19:16:41 -0400


Started GET "/assets/users.js?body=1" for 127.0.0.1 at 2013-10-20 19:16:41 -0400


Started GET "/assets/application.js?body=1" for 127.0.0.1 at 2013-10-20 19:16:41 -0400


Started GET "/assets/turbolinks.js?body=1" for 127.0.0.1 at 2013-10-20 19:16:41 -0400


Started GET "/" for 127.0.0.1 at 2013-10-20 19:43:20 -0400
Processing by Rails::WelcomeController#index as HTML
  Rendered /usr/local/rvm/gems/ruby-2.0.0-p247/gems/railties-4.0.0/lib/rails/templates/rails/welcome/index.html.erb (0.1ms)
Completed 200 OK in 2ms (Views: 1.6ms | ActiveRecord: 0.0ms)


Started GET "/index" for 127.0.0.1 at 2013-10-20 19:43:23 -0400

ActionController::RoutingError (No route matches [GET] "/index"):
  actionpack (4.0.0) lib/action_dispatch/middleware/debug_exceptions.rb:21:in `call'
  actionpack (4.0.0) lib/action_dispatch/middleware/show_exceptions.rb:30:in `call'
  railties (4.0.0) lib/rails/rack/logger.rb:38:in `call_app'
  railties (4.0.0) lib/rails/rack/logger.rb:21:in `block in call'
  activesupport (4.0.0) lib/active_support/tagged_logging.rb:67:in `block in tagged'
  activesupport (4.0.0) lib/active_support/tagged_logging.rb:25:in `tagged'
  activesupport (4.0.0) lib/active_support/tagged_logging.rb:67:in `tagged'
  railties (4.0.0) lib/rails/rack/logger.rb:21:in `call'
  actionpack (4.0.0) lib/action_dispatch/middleware/request_id.rb:21:in `call'
  rack (1.5.2) lib/rack/methodoverride.rb:21:in `call'
  rack (1.5.2) lib/rack/runtime.rb:17:in `call'
  activesupport (4.0.0) lib/active_support/cache/strategy/local_cache.rb:83:in `call'
  rack (1.5.2) lib/rack/lock.rb:17:in `call'
  actionpack (4.0.0) lib/action_dispatch/middleware/static.rb:64:in `call'
  railties (4.0.0) lib/rails/engine.rb:511:in `call'
  railties (4.0.0) lib/rails/application.rb:97:in `call'
  rack (1.5.2) lib/rack/lock.rb:17:in `call'
  rack (1.5.2) lib/rack/content_length.rb:14:in `call'
  rack (1.5.2) lib/rack/handler/webrick.rb:60:in `service'
  /usr/local/rvm/rubies/ruby-2.0.0-p247/lib/ruby/2.0.0/webrick/httpserver.rb:138:in `service'
  /usr/local/rvm/rubies/ruby-2.0.0-p247/lib/ruby/2.0.0/webrick/httpserver.rb:94:in `run'
  /usr/local/rvm/rubies/ruby-2.0.0-p247/lib/ruby/2.0.0/webrick/server.rb:295:in `block in start_thread'


  Rendered /usr/local/rvm/gems/ruby-2.0.0-p247/gems/actionpack-4.0.0/lib/action_dispatch/middleware/templates/rescues/_trace.erb (1.7ms)
  Rendered /usr/local/rvm/gems/ruby-2.0.0-p247/gems/actionpack-4.0.0/lib/action_dispatch/middleware/templates/routes/_route.html.erb (2.2ms)
  Rendered /usr/local/rvm/gems/ruby-2.0.0-p247/gems/actionpack-4.0.0/lib/action_dispatch/middleware/templates/routes/_table.html.erb (2.8ms)
  Rendered /usr/local/rvm/gems/ruby-2.0.0-p247/gems/actionpack-4.0.0/lib/action_dispatch/middleware/templates/rescues/routing_error.erb within rescues/layout (33.7ms)


Started GET "/users" for 127.0.0.1 at 2013-10-20 19:43:30 -0400
Processing by UsersController#index as HTML
  [1m[36mUser Load (0.2ms)[0m  [1mSELECT "users".* FROM "users"[0m
  Rendered users/index.html.erb within layouts/application (1.7ms)
Completed 200 OK in 8ms (Views: 7.3ms | ActiveRecord: 0.2ms)


Started GET "/assets/scaffolds.css?body=1" for 127.0.0.1 at 2013-10-20 19:43:30 -0400


Started GET "/assets/application.css?body=1" for 127.0.0.1 at 2013-10-20 19:43:30 -0400


Started GET "/assets/users.css?body=1" for 127.0.0.1 at 2013-10-20 19:43:30 -0400


Started GET "/assets/turbolinks.js?body=1" for 127.0.0.1 at 2013-10-20 19:43:30 -0400


Started GET "/assets/application.js?body=1" for 127.0.0.1 at 2013-10-20 19:43:30 -0400


Started GET "/assets/users.js?body=1" for 127.0.0.1 at 2013-10-20 19:43:30 -0400
  [1m[36mActiveRecord::SchemaMigration Load (0.1ms)[0m  [1mSELECT "schema_migrations".* FROM "schema_migrations"[0m
Migrating to CreateMicroposts (20131021000606)
  [1m[35m (0.1ms)[0m  begin transaction
  [1m[36m (0.5ms)[0m  [1mCREATE TABLE "microposts" ("id" INTEGER PRIMARY KEY AUTOINCREMENT NOT NULL, "content" varchar(255), "user_id" integer, "created_at" datetime, "updated_at" datetime) [0m
  [1m[35mSQL (0.2ms)[0m  INSERT INTO "schema_migrations" ("version") VALUES (?)  [["version", "20131021000606"]]
  [1m[36m (1.1ms)[0m  [1mcommit transaction[0m
  [1m[35mActiveRecord::SchemaMigration Load (0.2ms)[0m  SELECT "schema_migrations".* FROM "schema_migrations"


Started GET "/" for 127.0.0.1 at 2013-10-20 20:08:30 -0400
  [1m[36mActiveRecord::SchemaMigration Load (0.1ms)[0m  [1mSELECT "schema_migrations".* FROM "schema_migrations"[0m
Processing by Rails::WelcomeController#index as HTML
  Rendered /usr/local/rvm/gems/ruby-2.0.0-p247/gems/railties-4.0.0/lib/rails/templates/rails/welcome/index.html.erb (2.4ms)
Completed 200 OK in 11ms (Views: 10.5ms | ActiveRecord: 0.0ms)


Started GET "/microposts" for 127.0.0.1 at 2013-10-20 20:08:42 -0400
Processing by MicropostsController#index as HTML
  [1m[35mMicropost Load (0.1ms)[0m  SELECT "microposts".* FROM "microposts"
  Rendered microposts/index.html.erb within layouts/application (2.2ms)
Completed 200 OK in 282ms (Views: 278.5ms | ActiveRecord: 0.4ms)


Started GET "/assets/application.css?body=1" for 127.0.0.1 at 2013-10-20 20:08:42 -0400


Started GET "/assets/microposts.css?body=1" for 127.0.0.1 at 2013-10-20 20:08:42 -0400


Started GET "/assets/scaffolds.css?body=1" for 127.0.0.1 at 2013-10-20 20:08:42 -0400


Started GET "/assets/users.js?body=1" for 127.0.0.1 at 2013-10-20 20:08:42 -0400


Started GET "/assets/users.css?body=1" for 127.0.0.1 at 2013-10-20 20:08:42 -0400


Started GET "/assets/turbolinks.js?body=1" for 127.0.0.1 at 2013-10-20 20:08:42 -0400


Started GET "/assets/microposts.js?body=1" for 127.0.0.1 at 2013-10-20 20:08:42 -0400


Started GET "/assets/application.js?body=1" for 127.0.0.1 at 2013-10-20 20:08:42 -0400


Started GET "/microposts/new" for 127.0.0.1 at 2013-10-20 20:09:00 -0400
Processing by MicropostsController#new as HTML
  Rendered microposts/_form.html.erb (33.8ms)
  Rendered microposts/new.html.erb within layouts/application (41.4ms)
Completed 200 OK in 49ms (Views: 47.6ms | ActiveRecord: 0.1ms)


Started POST "/microposts" for 127.0.0.1 at 2013-10-20 20:11:00 -0400
Processing by MicropostsController#create as HTML
  Parameters: {"utf8"=>"✓", "authenticity_token"=>"zcO1W1Dwgf5bChW+Vup6KXs3GtOz7VeX4bYPJydhhwM=", "micropost"=>{"content"=>"First micro post", "user_id"=>"1"}, "commit"=>"Create Micropost"}
  [1m[36m (1.6ms)[0m  [1mbegin transaction[0m
  [1m[35mSQL (13.1ms)[0m  INSERT INTO "microposts" ("content", "created_at", "updated_at", "user_id") VALUES (?, ?, ?, ?)  [["content", "First micro post"], ["created_at", Mon, 21 Oct 2013 00:11:00 UTC +00:00], ["updated_at", Mon, 21 Oct 2013 00:11:00 UTC +00:00], ["user_id", 1]]
  [1m[36m (1.9ms)[0m  [1mcommit transaction[0m
Redirected to http://localhost:3000/microposts/1
Completed 302 Found in 26ms (ActiveRecord: 16.6ms)


Started GET "/microposts/1" for 127.0.0.1 at 2013-10-20 20:11:00 -0400
Processing by MicropostsController#show as HTML
  Parameters: {"id"=>"1"}
  [1m[35mMicropost Load (0.2ms)[0m  SELECT "microposts".* FROM "microposts" WHERE "microposts"."id" = ? LIMIT 1  [["id", "1"]]
  Rendered microposts/show.html.erb within layouts/application (1.1ms)
Completed 200 OK in 9ms (Views: 6.3ms | ActiveRecord: 0.2ms)


Started GET "/assets/application.css?body=1" for 127.0.0.1 at 2013-10-20 20:11:00 -0400


Started GET "/assets/microposts.css?body=1" for 127.0.0.1 at 2013-10-20 20:11:00 -0400


Started GET "/assets/turbolinks.js?body=1" for 127.0.0.1 at 2013-10-20 20:11:00 -0400


Started GET "/assets/scaffolds.css?body=1" for 127.0.0.1 at 2013-10-20 20:11:00 -0400


Started GET "/assets/users.js?body=1" for 127.0.0.1 at 2013-10-20 20:11:00 -0400


Started GET "/assets/microposts.js?body=1" for 127.0.0.1 at 2013-10-20 20:11:00 -0400


Started GET "/assets/users.css?body=1" for 127.0.0.1 at 2013-10-20 20:11:00 -0400


Started GET "/assets/application.js?body=1" for 127.0.0.1 at 2013-10-20 20:11:00 -0400


Started GET "/microposts" for 127.0.0.1 at 2013-10-20 20:11:02 -0400
Processing by MicropostsController#index as HTML
  [1m[36mMicropost Load (0.3ms)[0m  [1mSELECT "microposts".* FROM "microposts"[0m
  Rendered microposts/index.html.erb within layouts/application (3.2ms)
Completed 200 OK in 12ms (Views: 11.1ms | ActiveRecord: 0.3ms)


Started GET "/microposts/new" for 127.0.0.1 at 2013-10-20 20:11:03 -0400
Processing by MicropostsController#new as HTML
  Rendered microposts/_form.html.erb (3.8ms)
  Rendered microposts/new.html.erb within layouts/application (5.0ms)
Completed 200 OK in 12ms (Views: 11.8ms | ActiveRecord: 0.0ms)


Started POST "/microposts" for 127.0.0.1 at 2013-10-20 20:11:12 -0400
Processing by MicropostsController#create as HTML
  Parameters: {"utf8"=>"✓", "authenticity_token"=>"zcO1W1Dwgf5bChW+Vup6KXs3GtOz7VeX4bYPJydhhwM=", "micropost"=>{"content"=>"second micropost", "user_id"=>"1"}, "commit"=>"Create Micropost"}
  [1m[35m (0.1ms)[0m  begin transaction
  [1m[36mSQL (0.4ms)[0m  [1mINSERT INTO "microposts" ("content", "created_at", "updated_at", "user_id") VALUES (?, ?, ?, ?)[0m  [["content", "second micropost"], ["created_at", Mon, 21 Oct 2013 00:11:12 UTC +00:00], ["updated_at", Mon, 21 Oct 2013 00:11:12 UTC +00:00], ["user_id", 1]]
  [1m[35m (0.9ms)[0m  commit transaction
Redirected to http://localhost:3000/microposts/2
Completed 302 Found in 5ms (ActiveRecord: 1.4ms)


Started GET "/microposts/2" for 127.0.0.1 at 2013-10-20 20:11:12 -0400
Processing by MicropostsController#show as HTML
  Parameters: {"id"=>"2"}
  [1m[36mMicropost Load (0.1ms)[0m  [1mSELECT "microposts".* FROM "microposts" WHERE "microposts"."id" = ? LIMIT 1[0m  [["id", "2"]]
  Rendered microposts/show.html.erb within layouts/application (0.6ms)
Completed 200 OK in 6ms (Views: 5.1ms | ActiveRecord: 0.1ms)


Started GET "/assets/microposts.css?body=1" for 127.0.0.1 at 2013-10-20 20:11:12 -0400


Started GET "/assets/application.css?body=1" for 127.0.0.1 at 2013-10-20 20:11:12 -0400


Started GET "/assets/users.css?body=1" for 127.0.0.1 at 2013-10-20 20:11:12 -0400


Started GET "/assets/microposts.js?body=1" for 127.0.0.1 at 2013-10-20 20:11:12 -0400


Started GET "/assets/turbolinks.js?body=1" for 127.0.0.1 at 2013-10-20 20:11:12 -0400


Started GET "/assets/scaffolds.css?body=1" for 127.0.0.1 at 2013-10-20 20:11:12 -0400


Started GET "/assets/users.js?body=1" for 127.0.0.1 at 2013-10-20 20:11:12 -0400


Started GET "/assets/application.js?body=1" for 127.0.0.1 at 2013-10-20 20:11:12 -0400


Started GET "/microposts" for 127.0.0.1 at 2013-10-20 20:11:14 -0400
Processing by MicropostsController#index as HTML
  [1m[35mMicropost Load (0.2ms)[0m  SELECT "microposts".* FROM "microposts"
  Rendered microposts/index.html.erb within layouts/application (1.8ms)
Completed 200 OK in 43ms (Views: 42.5ms | ActiveRecord: 0.2ms)


Started GET "/microposts/2/edit" for 127.0.0.1 at 2013-10-20 20:11:18 -0400
Processing by MicropostsController#edit as HTML
  Parameters: {"id"=>"2"}
  [1m[36mMicropost Load (0.2ms)[0m  [1mSELECT "microposts".* FROM "microposts" WHERE "microposts"."id" = ? LIMIT 1[0m  [["id", "2"]]
  Rendered microposts/_form.html.erb (5.0ms)
  Rendered microposts/edit.html.erb within layouts/application (7.3ms)
Completed 200 OK in 14ms (Views: 13.1ms | ActiveRecord: 0.2ms)


Started PATCH "/microposts/2" for 127.0.0.1 at 2013-10-20 20:11:22 -0400
Processing by MicropostsController#update as HTML
  Parameters: {"utf8"=>"✓", "authenticity_token"=>"zcO1W1Dwgf5bChW+Vup6KXs3GtOz7VeX4bYPJydhhwM=", "micropost"=>{"content"=>"econd micropost", "user_id"=>"1"}, "commit"=>"Update Micropost", "id"=>"2"}
  [1m[35mMicropost Load (0.2ms)[0m  SELECT "microposts".* FROM "microposts" WHERE "microposts"."id" = ? LIMIT 1  [["id", "2"]]
  [1m[36m (0.1ms)[0m  [1mbegin transaction[0m
  [1m[35mSQL (0.7ms)[0m  UPDATE "microposts" SET "content" = ?, "updated_at" = ? WHERE "microposts"."id" = 2  [["content", "econd micropost"], ["updated_at", Mon, 21 Oct 2013 00:11:22 UTC +00:00]]
  [1m[36m (2.2ms)[0m  [1mcommit transaction[0m
Redirected to http://localhost:3000/microposts/2
Completed 302 Found in 9ms (ActiveRecord: 3.1ms)


Started GET "/microposts/2" for 127.0.0.1 at 2013-10-20 20:11:22 -0400
Processing by MicropostsController#show as HTML
  Parameters: {"id"=>"2"}
  [1m[35mMicropost Load (0.2ms)[0m  SELECT "microposts".* FROM "microposts" WHERE "microposts"."id" = ? LIMIT 1  [["id", "2"]]
  Rendered microposts/show.html.erb within layouts/application (0.9ms)
Completed 200 OK in 9ms (Views: 7.8ms | ActiveRecord: 0.2ms)


Started GET "/assets/microposts.css?body=1" for 127.0.0.1 at 2013-10-20 20:11:22 -0400


Started GET "/assets/scaffolds.css?body=1" for 127.0.0.1 at 2013-10-20 20:11:22 -0400


Started GET "/assets/application.css?body=1" for 127.0.0.1 at 2013-10-20 20:11:22 -0400


Started GET "/assets/turbolinks.js?body=1" for 127.0.0.1 at 2013-10-20 20:11:22 -0400


Started GET "/assets/users.css?body=1" for 127.0.0.1 at 2013-10-20 20:11:22 -0400


Started GET "/assets/microposts.js?body=1" for 127.0.0.1 at 2013-10-20 20:11:22 -0400


Started GET "/assets/users.js?body=1" for 127.0.0.1 at 2013-10-20 20:11:22 -0400


Started GET "/assets/application.js?body=1" for 127.0.0.1 at 2013-10-20 20:11:22 -0400


Started GET "/microposts/2/edit" for 127.0.0.1 at 2013-10-20 20:11:24 -0400
Processing by MicropostsController#edit as HTML
  Parameters: {"id"=>"2"}
  [1m[36mMicropost Load (0.2ms)[0m  [1mSELECT "microposts".* FROM "microposts" WHERE "microposts"."id" = ? LIMIT 1[0m  [["id", "2"]]
  Rendered microposts/_form.html.erb (2.9ms)
  Rendered microposts/edit.html.erb within layouts/application (4.1ms)
Completed 200 OK in 12ms (Views: 10.5ms | ActiveRecord: 0.2ms)


Started PATCH "/microposts/2" for 127.0.0.1 at 2013-10-20 20:11:28 -0400
Processing by MicropostsController#update as HTML
  Parameters: {"utf8"=>"✓", "authenticity_token"=>"zcO1W1Dwgf5bChW+Vup6KXs3GtOz7VeX4bYPJydhhwM=", "micropost"=>{"content"=>"Second micropost", "user_id"=>"1"}, "commit"=>"Update Micropost", "id"=>"2"}
  [1m[35mMicropost Load (0.2ms)[0m  SELECT "microposts".* FROM "microposts" WHERE "microposts"."id" = ? LIMIT 1  [["id", "2"]]
  [1m[36m (0.1ms)[0m  [1mbegin transaction[0m
  [1m[35mSQL (0.6ms)[0m  UPDATE "microposts" SET "content" = ?, "updated_at" = ? WHERE "microposts"."id" = 2  [["content", "Second micropost"], ["updated_at", Mon, 21 Oct 2013 00:11:28 UTC +00:00]]
  [1m[36m (20.6ms)[0m  [1mcommit transaction[0m
Redirected to http://localhost:3000/microposts/2
Completed 302 Found in 26ms (ActiveRecord: 21.4ms)


Started GET "/microposts/2" for 127.0.0.1 at 2013-10-20 20:11:28 -0400
Processing by MicropostsController#show as HTML
  Parameters: {"id"=>"2"}
  [1m[35mMicropost Load (0.2ms)[0m  SELECT "microposts".* FROM "microposts" WHERE "microposts"."id" = ? LIMIT 1  [["id", "2"]]
  Rendered microposts/show.html.erb within layouts/application (0.5ms)
Completed 200 OK in 7ms (Views: 5.5ms | ActiveRecord: 0.2ms)


Started GET "/assets/application.css?body=1" for 127.0.0.1 at 2013-10-20 20:11:28 -0400


Started GET "/assets/microposts.js?body=1" for 127.0.0.1 at 2013-10-20 20:11:28 -0400


Started GET "/assets/microposts.css?body=1" for 127.0.0.1 at 2013-10-20 20:11:28 -0400


Started GET "/assets/scaffolds.css?body=1" for 127.0.0.1 at 2013-10-20 20:11:28 -0400


Started GET "/assets/turbolinks.js?body=1" for 127.0.0.1 at 2013-10-20 20:11:28 -0400


Started GET "/assets/users.css?body=1" for 127.0.0.1 at 2013-10-20 20:11:28 -0400


Started GET "/assets/users.js?body=1" for 127.0.0.1 at 2013-10-20 20:11:28 -0400


Started GET "/assets/application.js?body=1" for 127.0.0.1 at 2013-10-20 20:11:28 -0400


Started GET "/microposts" for 127.0.0.1 at 2013-10-20 20:11:30 -0400
Processing by MicropostsController#index as HTML
  [1m[36mMicropost Load (0.2ms)[0m  [1mSELECT "microposts".* FROM "microposts"[0m
  Rendered microposts/index.html.erb within layouts/application (2.0ms)
Completed 200 OK in 8ms (Views: 7.5ms | ActiveRecord: 0.2ms)


Started GET "/microposts/new" for 127.0.0.1 at 2013-10-20 20:16:31 -0400
Processing by MicropostsController#new as HTML
  Rendered microposts/_form.html.erb (15.0ms)
  Rendered microposts/new.html.erb within layouts/application (16.1ms)
Completed 200 OK in 25ms (Views: 21.6ms | ActiveRecord: 0.5ms)


Started POST "/microposts" for 127.0.0.1 at 2013-10-20 20:16:59 -0400
Processing by MicropostsController#create as HTML
  Parameters: {"utf8"=>"✓", "authenticity_token"=>"zcO1W1Dwgf5bChW+Vup6KXs3GtOz7VeX4bYPJydhhwM=", "micropost"=>{"content"=>"this is a content with more than 140 characters in it. which means it's very long. ", "user_id"=>"1"}, "commit"=>"Create Micropost"}
  [1m[35m (0.1ms)[0m  begin transaction
  [1m[36mSQL (0.7ms)[0m  [1mINSERT INTO "microposts" ("content", "created_at", "updated_at", "user_id") VALUES (?, ?, ?, ?)[0m  [["content", "this is a content with more than 140 characters in it. which means it's very long. "], ["created_at", Mon, 21 Oct 2013 00:16:59 UTC +00:00], ["updated_at", Mon, 21 Oct 2013 00:16:59 UTC +00:00], ["user_id", 1]]
  [1m[35m (5.2ms)[0m  commit transaction
Redirected to http://localhost:3000/microposts/3
Completed 302 Found in 11ms (ActiveRecord: 5.9ms)


Started GET "/microposts/3" for 127.0.0.1 at 2013-10-20 20:16:59 -0400
Processing by MicropostsController#show as HTML
  Parameters: {"id"=>"3"}
  [1m[36mMicropost Load (0.2ms)[0m  [1mSELECT "microposts".* FROM "microposts" WHERE "microposts"."id" = ? LIMIT 1[0m  [["id", "3"]]
  Rendered microposts/show.html.erb within layouts/application (0.9ms)
Completed 200 OK in 10ms (Views: 8.4ms | ActiveRecord: 0.2ms)


Started GET "/assets/application.css?body=1" for 127.0.0.1 at 2013-10-20 20:16:59 -0400


Started GET "/assets/microposts.css?body=1" for 127.0.0.1 at 2013-10-20 20:16:59 -0400


Started GET "/assets/scaffolds.css?body=1" for 127.0.0.1 at 2013-10-20 20:16:59 -0400


Started GET "/assets/users.js?body=1" for 127.0.0.1 at 2013-10-20 20:16:59 -0400


Started GET "/assets/users.css?body=1" for 127.0.0.1 at 2013-10-20 20:16:59 -0400


Started GET "/assets/application.js?body=1" for 127.0.0.1 at 2013-10-20 20:16:59 -0400


Started GET "/assets/turbolinks.js?body=1" for 127.0.0.1 at 2013-10-20 20:16:59 -0400


Started GET "/assets/microposts.js?body=1" for 127.0.0.1 at 2013-10-20 20:16:59 -0400


Started GET "/microposts/3/edit" for 127.0.0.1 at 2013-10-20 20:17:04 -0400
Processing by MicropostsController#edit as HTML
  Parameters: {"id"=>"3"}
  [1m[35mMicropost Load (0.2ms)[0m  SELECT "microposts".* FROM "microposts" WHERE "microposts"."id" = ? LIMIT 1  [["id", "3"]]
  Rendered microposts/_form.html.erb (5.8ms)
  Rendered microposts/edit.html.erb within layouts/application (8.0ms)
Completed 200 OK in 17ms (Views: 15.5ms | ActiveRecord: 0.2ms)


Started PATCH "/microposts/3" for 127.0.0.1 at 2013-10-20 20:17:19 -0400
Processing by MicropostsController#update as HTML
  Parameters: {"utf8"=>"✓", "authenticity_token"=>"zcO1W1Dwgf5bChW+Vup6KXs3GtOz7VeX4bYPJydhhwM=", "micropost"=>{"content"=>"this is a content with more than 140 characters in it. which means it's very long. Let's see if it fits in it. We have to wait and see. ", "user_id"=>"1"}, "commit"=>"Update Micropost", "id"=>"3"}
  [1m[36mMicropost Load (0.1ms)[0m  [1mSELECT "microposts".* FROM "microposts" WHERE "microposts"."id" = ? LIMIT 1[0m  [["id", "3"]]
  [1m[35m (0.1ms)[0m  begin transaction
  [1m[36mSQL (0.5ms)[0m  [1mUPDATE "microposts" SET "content" = ?, "updated_at" = ? WHERE "microposts"."id" = 3[0m  [["content", "this is a content with more than 140 characters in it. which means it's very long. Let's see if it fits in it. We have to wait and see. "], ["updated_at", Mon, 21 Oct 2013 00:17:19 UTC +00:00]]
  [1m[35m (2.0ms)[0m  commit transaction
Redirected to http://localhost:3000/microposts/3
Completed 302 Found in 7ms (ActiveRecord: 2.7ms)


Started GET "/microposts/3" for 127.0.0.1 at 2013-10-20 20:17:19 -0400
Processing by MicropostsController#show as HTML
  Parameters: {"id"=>"3"}
  [1m[36mMicropost Load (0.2ms)[0m  [1mSELECT "microposts".* FROM "microposts" WHERE "microposts"."id" = ? LIMIT 1[0m  [["id", "3"]]
  Rendered microposts/show.html.erb within layouts/application (0.7ms)
Completed 200 OK in 47ms (Views: 5.9ms | ActiveRecord: 0.2ms)


Started GET "/assets/application.css?body=1" for 127.0.0.1 at 2013-10-20 20:17:19 -0400


Started GET "/assets/microposts.js?body=1" for 127.0.0.1 at 2013-10-20 20:17:19 -0400


Started GET "/assets/scaffolds.css?body=1" for 127.0.0.1 at 2013-10-20 20:17:19 -0400


Started GET "/assets/turbolinks.js?body=1" for 127.0.0.1 at 2013-10-20 20:17:19 -0400


Started GET "/assets/microposts.css?body=1" for 127.0.0.1 at 2013-10-20 20:17:19 -0400


Started GET "/assets/users.css?body=1" for 127.0.0.1 at 2013-10-20 20:17:19 -0400


Started GET "/assets/users.js?body=1" for 127.0.0.1 at 2013-10-20 20:17:19 -0400


Started GET "/assets/application.js?body=1" for 127.0.0.1 at 2013-10-20 20:17:19 -0400


Started GET "/microposts/3/edit" for 127.0.0.1 at 2013-10-20 20:17:21 -0400
Processing by MicropostsController#edit as HTML
  Parameters: {"id"=>"3"}
  [1m[35mMicropost Load (0.1ms)[0m  SELECT "microposts".* FROM "microposts" WHERE "microposts"."id" = ? LIMIT 1  [["id", "3"]]
  Rendered microposts/_form.html.erb (3.5ms)
  Rendered microposts/edit.html.erb within layouts/application (4.8ms)
Completed 200 OK in 13ms (Views: 11.4ms | ActiveRecord: 0.1ms)


Started GET "/microposts" for 127.0.0.1 at 2013-10-20 20:18:53 -0400
Processing by MicropostsController#index as HTML
  [1m[36mMicropost Load (0.1ms)[0m  [1mSELECT "microposts".* FROM "microposts"[0m
  Rendered microposts/index.html.erb within layouts/application (15.8ms)
Completed 200 OK in 25ms (Views: 21.6ms | ActiveRecord: 0.7ms)


Started DELETE "/microposts/3" for 127.0.0.1 at 2013-10-20 20:18:58 -0400
Processing by MicropostsController#destroy as HTML
  Parameters: {"authenticity_token"=>"zcO1W1Dwgf5bChW+Vup6KXs3GtOz7VeX4bYPJydhhwM=", "id"=>"3"}
  [1m[35mMicropost Load (0.2ms)[0m  SELECT "microposts".* FROM "microposts" WHERE "microposts"."id" = ? LIMIT 1  [["id", "3"]]
  [1m[36m (0.1ms)[0m  [1mbegin transaction[0m
  [1m[35mSQL (0.4ms)[0m  DELETE FROM "microposts" WHERE "microposts"."id" = ?  [["id", 3]]
  [1m[36m (2.4ms)[0m  [1mcommit transaction[0m
Redirected to http://localhost:3000/microposts
Completed 302 Found in 7ms (ActiveRecord: 3.1ms)


Started GET "/microposts" for 127.0.0.1 at 2013-10-20 20:18:58 -0400
Processing by MicropostsController#index as HTML
  [1m[35mMicropost Load (0.2ms)[0m  SELECT "microposts".* FROM "microposts"
  Rendered microposts/index.html.erb within layouts/application (1.8ms)
Completed 200 OK in 7ms (Views: 6.6ms | ActiveRecord: 0.2ms)


Started GET "/assets/application.css?body=1" for 127.0.0.1 at 2013-10-20 20:18:58 -0400


Started GET "/assets/users.css?body=1" for 127.0.0.1 at 2013-10-20 20:18:58 -0400


Started GET "/assets/microposts.css?body=1" for 127.0.0.1 at 2013-10-20 20:18:58 -0400


Started GET "/assets/scaffolds.css?body=1" for 127.0.0.1 at 2013-10-20 20:18:58 -0400


Started GET "/assets/turbolinks.js?body=1" for 127.0.0.1 at 2013-10-20 20:18:58 -0400


Started GET "/assets/users.js?body=1" for 127.0.0.1 at 2013-10-20 20:18:58 -0400


Started GET "/assets/microposts.js?body=1" for 127.0.0.1 at 2013-10-20 20:18:58 -0400


Started GET "/assets/application.js?body=1" for 127.0.0.1 at 2013-10-20 20:18:58 -0400


Started GET "/microposts/new" for 127.0.0.1 at 2013-10-20 20:18:59 -0400
Processing by MicropostsController#new as HTML
  Rendered microposts/_form.html.erb (2.8ms)
  Rendered microposts/new.html.erb within layouts/application (4.0ms)
Completed 200 OK in 12ms (Views: 11.1ms | ActiveRecord: 0.0ms)


Started GET "/microposts/new" for 127.0.0.1 at 2013-10-20 20:19:02 -0400
Processing by MicropostsController#new as HTML
  Rendered microposts/_form.html.erb (4.3ms)
  Rendered microposts/new.html.erb within layouts/application (6.0ms)
Completed 200 OK in 13ms (Views: 12.1ms | ActiveRecord: 0.0ms)


Started GET "/assets/application.css?body=1" for 127.0.0.1 at 2013-10-20 20:19:02 -0400


Started GET "/assets/microposts.css?body=1" for 127.0.0.1 at 2013-10-20 20:19:02 -0400


Started GET "/assets/scaffolds.css?body=1" for 127.0.0.1 at 2013-10-20 20:19:02 -0400


Started GET "/assets/jquery.js?body=1" for 127.0.0.1 at 2013-10-20 20:19:02 -0400


Started GET "/assets/users.css?body=1" for 127.0.0.1 at 2013-10-20 20:19:02 -0400


Started GET "/assets/jquery_ujs.js?body=1" for 127.0.0.1 at 2013-10-20 20:19:02 -0400


Started GET "/assets/turbolinks.js?body=1" for 127.0.0.1 at 2013-10-20 20:19:02 -0400


Started GET "/assets/microposts.js?body=1" for 127.0.0.1 at 2013-10-20 20:19:02 -0400


Started GET "/assets/users.js?body=1" for 127.0.0.1 at 2013-10-20 20:19:02 -0400


Started GET "/assets/application.js?body=1" for 127.0.0.1 at 2013-10-20 20:19:02 -0400


Started POST "/microposts" for 127.0.0.1 at 2013-10-20 20:19:07 -0400
Processing by MicropostsController#create as HTML
  Parameters: {"utf8"=>"✓", "authenticity_token"=>"zcO1W1Dwgf5bChW+Vup6KXs3GtOz7VeX4bYPJydhhwM=", "micropost"=>{"content"=>"this is a content with more than 140 characters in it. which means it's very long. Let's see if it fits in it. We have to wait and see. Let's wait and see how long it is", "user_id"=>"1"}, "commit"=>"Create Micropost"}
  [1m[36m (0.1ms)[0m  [1mbegin transaction[0m
  [1m[35m (0.1ms)[0m  rollback transaction
  Rendered microposts/_form.html.erb (43.3ms)
  Rendered microposts/new.html.erb within layouts/application (44.7ms)
Completed 200 OK in 72ms (Views: 50.3ms | ActiveRecord: 0.2ms)


Started GET "/assets/microposts.css?body=1" for 127.0.0.1 at 2013-10-20 20:19:07 -0400


Started GET "/assets/application.css?body=1" for 127.0.0.1 at 2013-10-20 20:19:07 -0400


Started GET "/assets/jquery.js?body=1" for 127.0.0.1 at 2013-10-20 20:19:07 -0400


Started GET "/assets/scaffolds.css?body=1" for 127.0.0.1 at 2013-10-20 20:19:07 -0400


Started GET "/assets/users.css?body=1" for 127.0.0.1 at 2013-10-20 20:19:07 -0400


Started GET "/assets/turbolinks.js?body=1" for 127.0.0.1 at 2013-10-20 20:19:07 -0400


Started GET "/assets/jquery_ujs.js?body=1" for 127.0.0.1 at 2013-10-20 20:19:07 -0400


Started GET "/assets/microposts.js?body=1" for 127.0.0.1 at 2013-10-20 20:19:07 -0400


Started GET "/assets/users.js?body=1" for 127.0.0.1 at 2013-10-20 20:19:07 -0400


Started GET "/assets/application.js?body=1" for 127.0.0.1 at 2013-10-20 20:19:07 -0400


Started GET "/" for 127.0.0.1 at 2013-10-20 21:10:06 -0400
Processing by Rails::WelcomeController#index as HTML
  Rendered /usr/local/rvm/gems/ruby-2.0.0-p247/gems/railties-4.0.0/lib/rails/templates/rails/welcome/index.html.erb (0.1ms)
Completed 200 OK in 2ms (Views: 1.8ms | ActiveRecord: 0.0ms)
  [1m[36mUser Load (0.2ms)[0m  [1mSELECT "users".* FROM "users" ORDER BY "users"."id" ASC LIMIT 1[0m
  [1m[36mUser Load (0.2ms)[0m  [1mSELECT "users".* FROM "users" ORDER BY "users"."id" ASC LIMIT 1[0m
  [1m[35mMicropost Load (1.7ms)[0m  SELECT "microposts".* FROM "microposts" WHERE "microposts"."user_id" = ?  [["user_id", 1]]


Started POST "/microposts" for 127.0.0.1 at 2013-10-20 21:59:33 -0400
Processing by MicropostsController#create as HTML
  Parameters: {"utf8"=>"✓", "authenticity_token"=>"zcO1W1Dwgf5bChW+Vup6KXs3GtOz7VeX4bYPJydhhwM=", "micropost"=>{"content"=>"this is a content with more than 140 characters in it. which means it's very long. Let's see if it fits in it. We have to wait and see. Let's wait and see how long it is", "user_id"=>"1"}, "commit"=>"Create Micropost"}
Can't verify CSRF token authenticity
Completed 422 Unprocessable Entity in 1ms

ActionController::InvalidAuthenticityToken (ActionController::InvalidAuthenticityToken):
  actionpack (4.0.0) lib/action_controller/metal/request_forgery_protection.rb:163:in `handle_unverified_request'
  actionpack (4.0.0) lib/action_controller/metal/request_forgery_protection.rb:170:in `handle_unverified_request'
  actionpack (4.0.0) lib/action_controller/metal/request_forgery_protection.rb:177:in `verify_authenticity_token'
  activesupport (4.0.0) lib/active_support/callbacks.rb:377:in `_run__4235009540343823746__process_action__callbacks'
  activesupport (4.0.0) lib/active_support/callbacks.rb:80:in `run_callbacks'
  actionpack (4.0.0) lib/abstract_controller/callbacks.rb:17:in `process_action'
  actionpack (4.0.0) lib/action_controller/metal/rescue.rb:29:in `process_action'
  actionpack (4.0.0) lib/action_controller/metal/instrumentation.rb:31:in `block in process_action'
  activesupport (4.0.0) lib/active_support/notifications.rb:159:in `block in instrument'
  activesupport (4.0.0) lib/active_support/notifications/instrumenter.rb:20:in `instrument'
  activesupport (4.0.0) lib/active_support/notifications.rb:159:in `instrument'
  actionpack (4.0.0) lib/action_controller/metal/instrumentation.rb:30:in `process_action'
  actionpack (4.0.0) lib/action_controller/metal/params_wrapper.rb:245:in `process_action'
  activerecord (4.0.0) lib/active_record/railties/controller_runtime.rb:18:in `process_action'
  actionpack (4.0.0) lib/abstract_controller/base.rb:136:in `process'
  actionpack (4.0.0) lib/abstract_controller/rendering.rb:44:in `process'
  actionpack (4.0.0) lib/action_controller/metal.rb:195:in `dispatch'
  actionpack (4.0.0) lib/action_controller/metal/rack_delegation.rb:13:in `dispatch'
  actionpack (4.0.0) lib/action_controller/metal.rb:231:in `block in action'
  actionpack (4.0.0) lib/action_dispatch/routing/route_set.rb:80:in `call'
  actionpack (4.0.0) lib/action_dispatch/routing/route_set.rb:80:in `dispatch'
  actionpack (4.0.0) lib/action_dispatch/routing/route_set.rb:48:in `call'
  actionpack (4.0.0) lib/action_dispatch/journey/router.rb:71:in `block in call'
  actionpack (4.0.0) lib/action_dispatch/journey/router.rb:59:in `each'
  actionpack (4.0.0) lib/action_dispatch/journey/router.rb:59:in `call'
  actionpack (4.0.0) lib/action_dispatch/routing/route_set.rb:655:in `call'
  rack (1.5.2) lib/rack/etag.rb:23:in `call'
  rack (1.5.2) lib/rack/conditionalget.rb:35:in `call'
  rack (1.5.2) lib/rack/head.rb:11:in `call'
  actionpack (4.0.0) lib/action_dispatch/middleware/params_parser.rb:27:in `call'
  actionpack (4.0.0) lib/action_dispatch/middleware/flash.rb:241:in `call'
  rack (1.5.2) lib/rack/session/abstract/id.rb:225:in `context'
  rack (1.5.2) lib/rack/session/abstract/id.rb:220:in `call'
  actionpack (4.0.0) lib/action_dispatch/middleware/cookies.rb:486:in `call'
  activerecord (4.0.0) lib/active_record/query_cache.rb:36:in `call'
  activerecord (4.0.0) lib/active_record/connection_adapters/abstract/connection_pool.rb:626:in `call'
  activerecord (4.0.0) lib/active_record/migration.rb:369:in `call'
  actionpack (4.0.0) lib/action_dispatch/middleware/callbacks.rb:29:in `block in call'
  activesupport (4.0.0) lib/active_support/callbacks.rb:373:in `_run__64680379544844849__call__callbacks'
  activesupport (4.0.0) lib/active_support/callbacks.rb:80:in `run_callbacks'
  actionpack (4.0.0) lib/action_dispatch/middleware/callbacks.rb:27:in `call'
  actionpack (4.0.0) lib/action_dispatch/middleware/reloader.rb:64:in `call'
  actionpack (4.0.0) lib/action_dispatch/middleware/remote_ip.rb:76:in `call'
  actionpack (4.0.0) lib/action_dispatch/middleware/debug_exceptions.rb:17:in `call'
  actionpack (4.0.0) lib/action_dispatch/middleware/show_exceptions.rb:30:in `call'
  railties (4.0.0) lib/rails/rack/logger.rb:38:in `call_app'
  railties (4.0.0) lib/rails/rack/logger.rb:21:in `block in call'
  activesupport (4.0.0) lib/active_support/tagged_logging.rb:67:in `block in tagged'
  activesupport (4.0.0) lib/active_support/tagged_logging.rb:25:in `tagged'
  activesupport (4.0.0) lib/active_support/tagged_logging.rb:67:in `tagged'
  railties (4.0.0) lib/rails/rack/logger.rb:21:in `call'
  actionpack (4.0.0) lib/action_dispatch/middleware/request_id.rb:21:in `call'
  rack (1.5.2) lib/rack/methodoverride.rb:21:in `call'
  rack (1.5.2) lib/rack/runtime.rb:17:in `call'
  activesupport (4.0.0) lib/active_support/cache/strategy/local_cache.rb:83:in `call'
  rack (1.5.2) lib/rack/lock.rb:17:in `call'
  actionpack (4.0.0) lib/action_dispatch/middleware/static.rb:64:in `call'
  railties (4.0.0) lib/rails/engine.rb:511:in `call'
  railties (4.0.0) lib/rails/application.rb:97:in `call'
  rack (1.5.2) lib/rack/lock.rb:17:in `call'
  rack (1.5.2) lib/rack/content_length.rb:14:in `call'
  rack (1.5.2) lib/rack/handler/webrick.rb:60:in `service'
  /usr/local/rvm/rubies/ruby-2.0.0-p247/lib/ruby/2.0.0/webrick/httpserver.rb:138:in `service'
  /usr/local/rvm/rubies/ruby-2.0.0-p247/lib/ruby/2.0.0/webrick/httpserver.rb:94:in `run'
  /usr/local/rvm/rubies/ruby-2.0.0-p247/lib/ruby/2.0.0/webrick/server.rb:295:in `block in start_thread'


  Rendered /usr/local/rvm/gems/ruby-2.0.0-p247/gems/actionpack-4.0.0/lib/action_dispatch/middleware/templates/rescues/_source.erb (0.6ms)
  Rendered /usr/local/rvm/gems/ruby-2.0.0-p247/gems/actionpack-4.0.0/lib/action_dispatch/middleware/templates/rescues/_trace.erb (1.2ms)
  Rendered /usr/local/rvm/gems/ruby-2.0.0-p247/gems/actionpack-4.0.0/lib/action_dispatch/middleware/templates/rescues/_request_and_response.erb (1.2ms)
  Rendered /usr/local/rvm/gems/ruby-2.0.0-p247/gems/actionpack-4.0.0/lib/action_dispatch/middleware/templates/rescues/diagnostics.erb within rescues/layout (23.1ms)


Started GET "/microposts" for 127.0.0.1 at 2013-10-20 21:59:36 -0400
Processing by MicropostsController#index as HTML
  [1m[36mMicropost Load (0.1ms)[0m  [1mSELECT "microposts".* FROM "microposts"[0m
  Rendered microposts/index.html.erb within layouts/application (19.1ms)
Completed 200 OK in 33ms (Views: 26.3ms | ActiveRecord: 0.8ms)


Started GET "/assets/application.css?body=1" for 127.0.0.1 at 2013-10-20 21:59:36 -0400


Started GET "/assets/microposts.css?body=1" for 127.0.0.1 at 2013-10-20 21:59:36 -0400


Started GET "/assets/users.css?body=1" for 127.0.0.1 at 2013-10-20 21:59:36 -0400


Started GET "/assets/turbolinks.js?body=1" for 127.0.0.1 at 2013-10-20 21:59:36 -0400


Started GET "/assets/scaffolds.css?body=1" for 127.0.0.1 at 2013-10-20 21:59:36 -0400


Started GET "/assets/jquery_ujs.js?body=1" for 127.0.0.1 at 2013-10-20 21:59:36 -0400


Started GET "/assets/jquery.js?body=1" for 127.0.0.1 at 2013-10-20 21:59:36 -0400


Started GET "/assets/microposts.js?body=1" for 127.0.0.1 at 2013-10-20 21:59:36 -0400


Started GET "/assets/users.js?body=1" for 127.0.0.1 at 2013-10-20 21:59:36 -0400


Started GET "/assets/application.js?body=1" for 127.0.0.1 at 2013-10-20 21:59:36 -0400


Started GET "/" for 127.0.0.1 at 2013-10-20 22:11:02 -0400
Processing by Rails::WelcomeController#index as HTML
  Rendered /usr/local/rvm/gems/ruby-2.0.0-p247/gems/railties-4.0.0/lib/rails/templates/rails/welcome/index.html.erb (0.1ms)
Completed 200 OK in 15ms (Views: 14.1ms | ActiveRecord: 0.0ms)
